[0.520s] Invoking command in '/home/zzk/sim_ws/src/f1tenth_gym_ros': PYTHONPATH=/home/zzk/sim_ws/build/f1tenth_gym_ros/prefix_override:/usr/lib/python3/dist-packages/colcon_core/task/python/colcon_distutils_commands:/home/zzk/sim_ws/install/f1tenth_gym_ros/lib/python3.8/site-packages:${PYTHONPATH} /usr/bin/python3 -W ignore:setup.py install is deprecated setup.py egg_info --egg-base ../../build/f1tenth_gym_ros build --build-base /home/zzk/sim_ws/build/f1tenth_gym_ros/build install --record /home/zzk/sim_ws/build/f1tenth_gym_ros/install.log --single-version-externally-managed install_data
[0.682s] running egg_info
[0.683s] writing ../../build/f1tenth_gym_ros/f1tenth_gym_ros.egg-info/PKG-INFO
[0.683s] writing dependency_links to ../../build/f1tenth_gym_ros/f1tenth_gym_ros.egg-info/dependency_links.txt
[0.684s] writing entry points to ../../build/f1tenth_gym_ros/f1tenth_gym_ros.egg-info/entry_points.txt
[0.684s] writing requirements to ../../build/f1tenth_gym_ros/f1tenth_gym_ros.egg-info/requires.txt
[0.684s] writing top-level names to ../../build/f1tenth_gym_ros/f1tenth_gym_ros.egg-info/top_level.txt
[0.708s] reading manifest file '../../build/f1tenth_gym_ros/f1tenth_gym_ros.egg-info/SOURCES.txt'
[0.712s] writing manifest file '../../build/f1tenth_gym_ros/f1tenth_gym_ros.egg-info/SOURCES.txt'
[0.712s] running build
[0.712s] running build_py
[0.712s] running install
[0.712s] running install_lib
[0.712s] running install_data
[0.713s] copying config/sim.yaml -> /home/zzk/sim_ws/install/f1tenth_gym_ros/share/f1tenth_gym_ros/config
[0.713s] running install_egg_info
[0.713s] removing '/home/zzk/sim_ws/install/f1tenth_gym_ros/lib/python3.8/site-packages/f1tenth_gym_ros-0.0.0-py3.8.egg-info' (and everything under it)
[0.713s] Copying ../../build/f1tenth_gym_ros/f1tenth_gym_ros.egg-info to /home/zzk/sim_ws/install/f1tenth_gym_ros/lib/python3.8/site-packages/f1tenth_gym_ros-0.0.0-py3.8.egg-info
[0.714s] running install_scripts
[0.726s] Installing gym_bridge script to /home/zzk/sim_ws/install/f1tenth_gym_ros/lib/f1tenth_gym_ros
[0.726s] writing list of installed files to '/home/zzk/sim_ws/build/f1tenth_gym_ros/install.log'
[0.743s] Invoked command in '/home/zzk/sim_ws/src/f1tenth_gym_ros' returned '0': PYTHONPATH=/home/zzk/sim_ws/build/f1tenth_gym_ros/prefix_override:/usr/lib/python3/dist-packages/colcon_core/task/python/colcon_distutils_commands:/home/zzk/sim_ws/install/f1tenth_gym_ros/lib/python3.8/site-packages:${PYTHONPATH} /usr/bin/python3 -W ignore:setup.py install is deprecated setup.py egg_info --egg-base ../../build/f1tenth_gym_ros build --build-base /home/zzk/sim_ws/build/f1tenth_gym_ros/build install --record /home/zzk/sim_ws/build/f1tenth_gym_ros/install.log --single-version-externally-managed install_data
