[0.185s] Invoking command in '/home/zzk/sim_ws/build/gap_follow': CMAKE_PREFIX_PATH=/home/zzk/sim_ws/install/f1tenth_gym_ros:/opt/ros/foxy /usr/bin/cmake /home/zzk/sim_ws/src/gap_follow -DCMAKE_INSTALL_PREFIX=/home/zzk/sim_ws/install/gap_follow
[0.334s] -- The C compiler identification is GNU 9.4.0
[0.432s] -- The CXX compiler identification is GNU 9.4.0
[0.440s] -- Check for working C compiler: /usr/bin/cc
[0.529s] -- Check for working C compiler: /usr/bin/cc -- works
[0.530s] -- Detecting C compiler ABI info
[0.607s] -- Detecting C compiler ABI info - done
[0.616s] -- Detecting C compile features
[0.617s] -- Detecting C compile features - done
[0.620s] -- Check for working CXX compiler: /usr/bin/c++
[0.700s] -- Check for working CXX compiler: /usr/bin/c++ -- works
[0.700s] -- Detecting CXX compiler ABI info
[0.786s] -- Detecting CXX compiler ABI info - done
[0.793s] -- Detecting CXX compile features
[0.794s] -- Detecting CXX compile features - done
[0.802s] -- Found ament_cmake: 0.9.12 (/opt/ros/foxy/share/ament_cmake/cmake)
[0.830s] -- Found PythonInterp: /usr/bin/python3 (found suitable version "3.8.10", minimum required is "3") 
[0.830s] -- Using PYTHON_EXECUTABLE: /usr/bin/python3
[0.989s] -- Found rclcpp: 2.4.3 (/opt/ros/foxy/share/rclcpp/cmake)
[1.041s] -- Using all available rosidl_typesupport_c: rosidl_typesupport_fastrtps_c;rosidl_typesupport_introspection_c
[1.049s] -- Found rosidl_adapter: 1.3.1 (/opt/ros/foxy/share/rosidl_adapter/cmake)
[1.130s] -- Found OpenSSL: /usr/lib/x86_64-linux-gnu/libcrypto.so (found version "1.1.1f")  
[1.152s] -- Found FastRTPS: /opt/ros/foxy/include  
[1.222s] -- Using all available rosidl_typesupport_cpp: rosidl_typesupport_fastrtps_cpp;rosidl_typesupport_introspection_cpp
[1.284s] -- Found rmw_implementation_cmake: 1.0.4 (/opt/ros/foxy/share/rmw_implementation_cmake/cmake)
[1.285s] -- Using RMW implementation 'rmw_fastrtps_cpp' as default
[1.287s] -- Looking for pthread.h
[1.369s] -- Looking for pthread.h - found
[1.369s] -- Performing Test CMAKE_HAVE_LIBC_PTHREAD
[1.442s] -- Performing Test CMAKE_HAVE_LIBC_PTHREAD - Failed
[1.442s] -- Looking for pthread_create in pthreads
[1.497s] -- Looking for pthread_create in pthreads - not found
[1.497s] -- Looking for pthread_create in pthread
[1.562s] -- Looking for pthread_create in pthread - found
[1.563s] -- Found Threads: TRUE  
[1.691s] -- Found rclpy: 1.0.13 (/opt/ros/foxy/share/rclpy/cmake)
[1.693s] -- Found geometry_msgs: 2.0.5 (/opt/ros/foxy/share/geometry_msgs/cmake)
[1.721s] -- Found nav_msgs: 2.0.5 (/opt/ros/foxy/share/nav_msgs/cmake)
[1.775s] -- Found ackermann_msgs: 2.0.2 (/opt/ros/foxy/share/ackermann_msgs/cmake)
[1.803s] -- Found sensor_msgs: 2.0.5 (/opt/ros/foxy/share/sensor_msgs/cmake)
[1.880s] -- Found ament_lint_auto: 0.9.8 (/opt/ros/foxy/share/ament_lint_auto/cmake)
[1.948s] -- Added test 'copyright' to check source files copyright and LICENSE
[1.949s] -- Added test 'cppcheck' to perform static code analysis on C / C++ code
[1.949s] -- Configured cppcheck include dirs: /home/zzk/sim_ws/src/gap_follow/include
[1.949s] -- Configured cppcheck exclude dirs and/or files: 
[1.950s] -- Added test 'cpplint' to check C / C++ code against the Google style
[1.951s] -- Configured cpplint exclude dirs and/or files: 
[1.951s] -- Added test 'flake8' to check Python code syntax and style conventions
[1.952s] -- Added test 'lint_cmake' to check CMake code style
[1.952s] -- Added test 'pep257' to check Python code against some of the style conventions in PEP 257
[1.953s] -- Added test 'uncrustify' to check C / C++ code style
[1.953s] -- Configured uncrustify additional arguments: 
[1.954s] -- Added test 'xmllint' to check XML markup files
[1.958s] -- Configuring done
[1.965s] -- Generating done
[1.967s] -- Build files have been written to: /home/zzk/sim_ws/build/gap_follow
[1.978s] Invoked command in '/home/zzk/sim_ws/build/gap_follow' returned '0': CMAKE_PREFIX_PATH=/home/zzk/sim_ws/install/f1tenth_gym_ros:/opt/ros/foxy /usr/bin/cmake /home/zzk/sim_ws/src/gap_follow -DCMAKE_INSTALL_PREFIX=/home/zzk/sim_ws/install/gap_follow
[1.979s] Invoking command in '/home/zzk/sim_ws/build/gap_follow': CMAKE_PREFIX_PATH=/home/zzk/sim_ws/install/f1tenth_gym_ros:/opt/ros/foxy /usr/bin/cmake --build /home/zzk/sim_ws/build/gap_follow -- -j2 -l2
[2.019s] [35m[1mScanning dependencies of target reactive_node[0m
[2.112s] [ 50%] [32mBuilding CXX object CMakeFiles/reactive_node.dir/src/reactive_node.cpp.o[0m
[3.077s] [01m[K/home/zzk/sim_ws/src/gap_follow/src/reactive_node.cpp:[m[K In member function ‘[01m[Kvoid ReactiveFollowGap::preprocess_lidar(float*)[m[K’:
[3.077s] [01m[K/home/zzk/sim_ws/src/gap_follow/src/reactive_node.cpp:24:34:[m[K [01;35m[Kwarning: [m[Kunused parameter ‘[01m[Kranges[m[K’ [[01;35m[K-Wunused-parameter[m[K]
[3.077s]    24 |     void preprocess_lidar([01;35m[Kfloat* ranges[m[K)
[3.077s]       |                           [01;35m[K~~~~~~~^~~~~~[m[K
[3.078s] [01m[K/home/zzk/sim_ws/src/gap_follow/src/reactive_node.cpp:[m[K In member function ‘[01m[Kvoid ReactiveFollowGap::find_max_gap(float*, int*)[m[K’:
[3.078s] [01m[K/home/zzk/sim_ws/src/gap_follow/src/reactive_node.cpp:32:30:[m[K [01;35m[Kwarning: [m[Kunused parameter ‘[01m[Kranges[m[K’ [[01;35m[K-Wunused-parameter[m[K]
[3.078s]    32 |     void find_max_gap([01;35m[Kfloat* ranges[m[K, int* indice)
[3.078s]       |                       [01;35m[K~~~~~~~^~~~~~[m[K
[3.078s] [01m[K/home/zzk/sim_ws/src/gap_follow/src/reactive_node.cpp:32:43:[m[K [01;35m[Kwarning: [m[Kunused parameter ‘[01m[Kindice[m[K’ [[01;35m[K-Wunused-parameter[m[K]
[3.078s]    32 |     void find_max_gap(float* ranges, [01;35m[Kint* indice[m[K)
[3.078s]       |                                      [01;35m[K~~~~~^~~~~~[m[K
[3.078s] [01m[K/home/zzk/sim_ws/src/gap_follow/src/reactive_node.cpp:[m[K In member function ‘[01m[Kvoid ReactiveFollowGap::find_best_point(float*, int*)[m[K’:
[3.078s] [01m[K/home/zzk/sim_ws/src/gap_follow/src/reactive_node.cpp:38:33:[m[K [01;35m[Kwarning: [m[Kunused parameter ‘[01m[Kranges[m[K’ [[01;35m[K-Wunused-parameter[m[K]
[3.078s]    38 |     void find_best_point([01;35m[Kfloat* ranges[m[K, int* indice)
[3.078s]       |                          [01;35m[K~~~~~~~^~~~~~[m[K
[3.078s] [01m[K/home/zzk/sim_ws/src/gap_follow/src/reactive_node.cpp:38:46:[m[K [01;35m[Kwarning: [m[Kunused parameter ‘[01m[Kindice[m[K’ [[01;35m[K-Wunused-parameter[m[K]
[3.078s]    38 |     void find_best_point(float* ranges, [01;35m[Kint* indice[m[K)
[3.078s]       |                                         [01;35m[K~~~~~^~~~~~[m[K
[3.079s] [01m[K/home/zzk/sim_ws/src/gap_follow/src/reactive_node.cpp:[m[K In member function ‘[01m[Kvoid ReactiveFollowGap::lidar_callback(sensor_msgs::msg::LaserScan_<std::allocator<void> >::ConstSharedPtr)[m[K’:
[3.079s] [01m[K/home/zzk/sim_ws/src/gap_follow/src/reactive_node.cpp:47:75:[m[K [01;35m[Kwarning: [m[Kunused parameter ‘[01m[Kscan_msg[m[K’ [[01;35m[K-Wunused-parameter[m[K]
[3.080s]    47 |     void lidar_callback([01;35m[Kconst sensor_msgs::msg::LaserScan::ConstSharedPtr scan_msg[m[K)
[3.080s]       |                         [01;35m[K~~~~~~~~~~~~~~~~~~~~~~~~~~~~~~~~~~~~~~~~~~~~~~~~~~^~~~~~~~[m[K
[3.425s] [100%] [32m[1mLinking CXX executable reactive_node[0m
[3.542s] [100%] Built target reactive_node
[3.554s] Invoked command in '/home/zzk/sim_ws/build/gap_follow' returned '0': CMAKE_PREFIX_PATH=/home/zzk/sim_ws/install/f1tenth_gym_ros:/opt/ros/foxy /usr/bin/cmake --build /home/zzk/sim_ws/build/gap_follow -- -j2 -l2
[3.594s] Invoking command in '/home/zzk/sim_ws/build/gap_follow': CMAKE_PREFIX_PATH=/home/zzk/sim_ws/install/f1tenth_gym_ros:/opt/ros/foxy /usr/bin/cmake --install /home/zzk/sim_ws/build/gap_follow
[3.604s] -- Install configuration: ""
[3.604s] -- Installing: /home/zzk/sim_ws/install/gap_follow/lib/gap_follow/reactive_node
[3.605s] -- Set runtime path of "/home/zzk/sim_ws/install/gap_follow/lib/gap_follow/reactive_node" to ""
[3.605s] -- Installing: /home/zzk/sim_ws/install/gap_follow/share/gap_follow/environment/pythonpath.sh
[3.605s] -- Installing: /home/zzk/sim_ws/install/gap_follow/share/gap_follow/environment/pythonpath.dsv
[3.605s] -- Installing: /home/zzk/sim_ws/install/gap_follow/lib/python3.8/site-packages/gap_follow
[3.606s] -- Installing: /home/zzk/sim_ws/install/gap_follow/lib/python3.8/site-packages/gap_follow/__init__.py
[3.630s] Listing '/home/zzk/sim_ws/install/gap_follow/lib/python3.8/site-packages/gap_follow'...
[3.630s] Compiling '/home/zzk/sim_ws/install/gap_follow/lib/python3.8/site-packages/gap_follow/__init__.py'...
[3.633s] -- Installing: /home/zzk/sim_ws/install/gap_follow/lib/gap_follow/reactive_node.py
[3.634s] -- Installing: /home/zzk/sim_ws/install/gap_follow/lib/gap_follow/relay.py
[3.634s] -- Installing: /home/zzk/sim_ws/install/gap_follow/lib/gap_follow/talker.py
[3.635s] -- Installing: /home/zzk/sim_ws/install/gap_follow/share/ament_index/resource_index/package_run_dependencies/gap_follow
[3.635s] -- Installing: /home/zzk/sim_ws/install/gap_follow/share/ament_index/resource_index/parent_prefix_path/gap_follow
[3.635s] -- Installing: /home/zzk/sim_ws/install/gap_follow/share/gap_follow/environment/ament_prefix_path.sh
[3.635s] -- Installing: /home/zzk/sim_ws/install/gap_follow/share/gap_follow/environment/ament_prefix_path.dsv
[3.636s] -- Installing: /home/zzk/sim_ws/install/gap_follow/share/gap_follow/environment/path.sh
[3.636s] -- Installing: /home/zzk/sim_ws/install/gap_follow/share/gap_follow/environment/path.dsv
[3.636s] -- Installing: /home/zzk/sim_ws/install/gap_follow/share/gap_follow/local_setup.bash
[3.636s] -- Installing: /home/zzk/sim_ws/install/gap_follow/share/gap_follow/local_setup.sh
[3.637s] -- Installing: /home/zzk/sim_ws/install/gap_follow/share/gap_follow/local_setup.zsh
[3.637s] -- Installing: /home/zzk/sim_ws/install/gap_follow/share/gap_follow/local_setup.dsv
[3.637s] -- Installing: /home/zzk/sim_ws/install/gap_follow/share/gap_follow/package.dsv
[3.637s] -- Installing: /home/zzk/sim_ws/install/gap_follow/share/ament_index/resource_index/packages/gap_follow
[3.638s] -- Installing: /home/zzk/sim_ws/install/gap_follow/share/gap_follow/cmake/gap_followConfig.cmake
[3.638s] -- Installing: /home/zzk/sim_ws/install/gap_follow/share/gap_follow/cmake/gap_followConfig-version.cmake
[3.638s] -- Installing: /home/zzk/sim_ws/install/gap_follow/share/gap_follow/package.xml
[3.641s] Invoked command in '/home/zzk/sim_ws/build/gap_follow' returned '0': CMAKE_PREFIX_PATH=/home/zzk/sim_ws/install/f1tenth_gym_ros:/opt/ros/foxy /usr/bin/cmake --install /home/zzk/sim_ws/build/gap_follow
